2022-06-20 22:45:07,151	INFO log_monitor.py:206 -- Beginning to track file raylet.err
2022-06-20 22:45:07,151	INFO log_monitor.py:206 -- Beginning to track file gcs_server.err
2022-06-20 22:45:07,151	INFO log_monitor.py:206 -- Beginning to track file monitor.log
2022-06-20 22:50:38,635	INFO log_monitor.py:206 -- Beginning to track file worker-28c932ad84a0795aa339e273a9e3ee7d176493b4d8ace37e1518e84c-02000000-130459.out
2022-06-20 22:50:38,635	INFO log_monitor.py:206 -- Beginning to track file worker-1a1878fa7e1efb03d0033dc481b041a2b05d4ba1af568a9ca4d15ec5-02000000-130461.out
2022-06-20 22:50:38,635	INFO log_monitor.py:206 -- Beginning to track file worker-02356bb641fe665cf5186020c23faa9c6b911de12edc0c8946bc950c-02000000-130462.out
2022-06-20 22:50:38,635	INFO log_monitor.py:206 -- Beginning to track file worker-288446489be566293a362b9e8fd4f7ab5dc10280859c74f64476105e-02000000-130458.out
2022-06-20 22:50:38,736	INFO log_monitor.py:206 -- Beginning to track file worker-02356bb641fe665cf5186020c23faa9c6b911de12edc0c8946bc950c-02000000-130462.err
2022-06-20 22:50:38,736	INFO log_monitor.py:206 -- Beginning to track file worker-1a1878fa7e1efb03d0033dc481b041a2b05d4ba1af568a9ca4d15ec5-02000000-130461.err
2022-06-20 22:50:38,736	INFO log_monitor.py:206 -- Beginning to track file worker-d8be6c96cae448784a46dcf92a3aa2f02242ef1317a1714faf4ed2ab-02000000-130460.out
2022-06-20 22:50:38,736	INFO log_monitor.py:206 -- Beginning to track file worker-28c932ad84a0795aa339e273a9e3ee7d176493b4d8ace37e1518e84c-02000000-130459.err
2022-06-20 22:50:38,736	INFO log_monitor.py:206 -- Beginning to track file worker-288446489be566293a362b9e8fd4f7ab5dc10280859c74f64476105e-02000000-130458.err
2022-06-20 22:50:38,736	INFO log_monitor.py:206 -- Beginning to track file worker-d8be6c96cae448784a46dcf92a3aa2f02242ef1317a1714faf4ed2ab-02000000-130460.err
2022-06-20 22:53:25,715	INFO log_monitor.py:206 -- Beginning to track file worker-777a8b0378df86fc64d7571bc1a044d181e3dc1a9d5b0dd88d697162-02000000-838.out
2022-06-20 22:53:25,715	INFO log_monitor.py:206 -- Beginning to track file worker-a114c6a25e81cdf267f3f891b1b31a286d8ebb1f984c9a3a99912ab6-02000000-840.out
2022-06-20 22:53:25,715	INFO log_monitor.py:206 -- Beginning to track file worker-57cb709160ae1391ae4fc31d540589866e762a32366cb17eb5beac74-02000000-841.out
2022-06-20 22:53:25,715	INFO log_monitor.py:206 -- Beginning to track file worker-bd479c5dbee783771f3313c829c8e4a4bfae15c0782523ed47d6c995-02000000-837.out
2022-06-20 22:53:25,715	INFO log_monitor.py:206 -- Beginning to track file worker-0debf71e8792b82baa088313561d8cd237a24a47f6762ddb4bfb6bcc-02000000-839.out
2022-06-20 22:53:25,715	INFO log_monitor.py:206 -- Beginning to track file worker-777a8b0378df86fc64d7571bc1a044d181e3dc1a9d5b0dd88d697162-02000000-838.err
2022-06-20 22:53:25,715	INFO log_monitor.py:206 -- Beginning to track file worker-bd479c5dbee783771f3313c829c8e4a4bfae15c0782523ed47d6c995-02000000-837.err
2022-06-20 22:53:25,715	INFO log_monitor.py:206 -- Beginning to track file worker-0debf71e8792b82baa088313561d8cd237a24a47f6762ddb4bfb6bcc-02000000-839.err
2022-06-20 22:53:25,715	INFO log_monitor.py:206 -- Beginning to track file worker-57cb709160ae1391ae4fc31d540589866e762a32366cb17eb5beac74-02000000-841.err
2022-06-20 22:53:25,715	INFO log_monitor.py:206 -- Beginning to track file worker-a114c6a25e81cdf267f3f891b1b31a286d8ebb1f984c9a3a99912ab6-02000000-840.err
