[2022-06-20 22:53:24,253 I 841 841] core_worker_process.cc:120: Constructing CoreWorkerProcess. pid: 841
[2022-06-20 22:53:24,472 I 841 841] grpc_server.cc:105: worker server started, listening on port 10009.
[2022-06-20 22:53:24,475 I 841 841] core_worker.cc:175: Initializing worker at address: 10.140.1.109:10009, worker ID 57cb709160ae1391ae4fc31d540589866e762a32366cb17eb5beac74, raylet 7562cb0081c73f4ed2ac21d1956887bd794b724f1b8c157f4e02d603
[2022-06-20 22:53:24,475 I 841 1049] gcs_server_address_updater.cc:32: GCS Server updater thread id: 140714235115264
[2022-06-20 22:53:24,667 I 841 841] io_service_pool.cc:35: IOServicePool is running with 1 io_service.
[2022-06-20 22:53:24,684 I 841 1081] core_worker.cc:494: Event stats:


Global stats: 17 total (11 active)
Queueing time: mean = 21.328 ms, max = 91.435 ms, min = 371.346 us, total = 362.574 ms
Execution time:  mean = 19.505 us, total = 331.585 us
Event stats:
	PeriodicalRunner.RunFnPeriodically - 7 total (2 active, 1 running), CPU time: mean = 23.115 us, total = 161.806 us
	UNKNOWN - 3 total (3 active), CPU time: mean = 0.000 s, total = 0.000 s
	WorkerInfoGcsService.grpc_client.AddWorkerInfo - 1 total (1 active), CPU time: mean = 0.000 s, total = 0.000 s
	InternalPubSubGcsService.grpc_client.GcsSubscriberPoll - 1 total (1 active), CPU time: mean = 0.000 s, total = 0.000 s
	NodeInfoGcsService.grpc_client.GetAllNodeInfo - 1 total (1 active), CPU time: mean = 0.000 s, total = 0.000 s
	GcsClient.deadline_timer.check_gcs_connection - 1 total (1 active), CPU time: mean = 0.000 s, total = 0.000 s
	NodeManagerService.grpc_client.ReportWorkerBacklog - 1 total (1 active), CPU time: mean = 0.000 s, total = 0.000 s
	InternalPubSubGcsService.grpc_client.GcsSubscriberCommandBatch - 1 total (0 active), CPU time: mean = 169.779 us, total = 169.779 us
	CoreWorker.deadline_timer.flush_profiling_events - 1 total (1 active), CPU time: mean = 0.000 s, total = 0.000 s


[2022-06-20 22:53:24,703 I 841 1081] accessor.cc:599: Received notification for node id = 7562cb0081c73f4ed2ac21d1956887bd794b724f1b8c157f4e02d603, IsAlive = 1
[2022-06-20 22:53:25,671 I 841 841] direct_actor_task_submitter.cc:33: Set max pending calls to -1 for actor ed9fd43a2c72f2ef08a2f0eb02000000
[2022-06-20 22:53:25,671 I 841 841] direct_actor_task_submitter.cc:217: Connecting to actor ed9fd43a2c72f2ef08a2f0eb02000000 at worker 57cb709160ae1391ae4fc31d540589866e762a32366cb17eb5beac74
[2022-06-20 22:53:25,671 I 841 841] core_worker.cc:2317: Creating actor: ed9fd43a2c72f2ef08a2f0eb02000000
[2022-06-20 22:54:24,903 I 841 1081] core_worker.cc:494: Event stats:


Global stats: 933 total (8 active)
Queueing time: mean = 7.071 ms, max = 1.040 s, min = -0.050 s, total = 6.597 s
Execution time:  mean = 2.094 ms, total = 1.954 s
Event stats:
	UNKNOWN - 699 total (5 active, 1 running), CPU time: mean = 1.735 ms, total = 1.213 s
	GcsClient.deadline_timer.check_gcs_connection - 59 total (1 active), CPU time: mean = 2.811 ms, total = 165.848 ms
	NodeManagerService.grpc_client.ReportWorkerBacklog - 59 total (0 active), CPU time: mean = 5.070 us, total = 299.125 us
	CoreWorker.deadline_timer.flush_profiling_events - 59 total (1 active), CPU time: mean = 2.734 ms, total = 161.321 ms
	CoreWorkerService.grpc_server.GetCoreWorkerStats - 45 total (0 active), CPU time: mean = 8.822 ms, total = 396.999 ms
	PeriodicalRunner.RunFnPeriodically - 7 total (0 active), CPU time: mean = 2.335 ms, total = 16.344 ms
	WorkerInfoGcsService.grpc_client.AddWorkerInfo - 1 total (0 active), CPU time: mean = 16.503 us, total = 16.503 us
	InternalPubSubGcsService.grpc_client.GcsSubscriberPoll - 1 total (1 active), CPU time: mean = 0.000 s, total = 0.000 s
	CoreWorkerService.grpc_server.PushTask - 1 total (0 active), CPU time: mean = 108.307 us, total = 108.307 us
	NodeInfoGcsService.grpc_client.GetAllNodeInfo - 1 total (0 active), CPU time: mean = 53.839 us, total = 53.839 us
	InternalPubSubGcsService.grpc_client.GcsSubscriberCommandBatch - 1 total (0 active), CPU time: mean = 169.779 us, total = 169.779 us


[2022-06-20 22:55:11,813 I 841 841] direct_actor_transport.cc:144: Actor creation task finished, task_id: ffffffffffffffffed9fd43a2c72f2ef08a2f0eb02000000, actor_id: ed9fd43a2c72f2ef08a2f0eb02000000
[2022-06-20 22:55:27,382 I 841 1081] core_worker.cc:494: Event stats:


Global stats: 1798 total (8 active)
Queueing time: mean = 17.858 ms, max = 3.651 s, min = -0.050 s, total = 32.109 s
Execution time:  mean = 5.121 ms, total = 9.208 s
Event stats:
	UNKNOWN - 1345 total (5 active, 1 running), CPU time: mean = 4.797 ms, total = 6.452 s
	GcsClient.deadline_timer.check_gcs_connection - 115 total (1 active), CPU time: mean = 2.098 ms, total = 241.244 ms
	CoreWorker.deadline_timer.flush_profiling_events - 115 total (1 active), CPU time: mean = 6.629 ms, total = 762.339 ms
	NodeManagerService.grpc_client.ReportWorkerBacklog - 114 total (0 active), CPU time: mean = 5.188 us, total = 591.383 us
	CoreWorkerService.grpc_server.GetCoreWorkerStats - 91 total (0 active), CPU time: mean = 8.634 ms, total = 785.739 ms
	PeriodicalRunner.RunFnPeriodically - 7 total (0 active), CPU time: mean = 2.335 ms, total = 16.344 ms
	StatsGcsService.grpc_client.AddProfileData - 3 total (0 active), CPU time: mean = 1.546 ms, total = 4.637 ms
	CoreWorkerService.grpc_server.PushTask - 2 total (0 active), CPU time: mean = 7.580 ms, total = 15.160 ms
	WorkerInfoGcsService.grpc_client.AddWorkerInfo - 1 total (0 active), CPU time: mean = 16.503 us, total = 16.503 us
	InternalPubSubGcsService.grpc_client.GcsSubscriberPoll - 1 total (1 active), CPU time: mean = 0.000 s, total = 0.000 s
	CoreWorkerService.grpc_server.LocalGC - 1 total (0 active), CPU time: mean = 909.626 ms, total = 909.626 ms
	NodeInfoGcsService.grpc_client.GetAllNodeInfo - 1 total (0 active), CPU time: mean = 53.839 us, total = 53.839 us
	CoreWorkerService.grpc_server.DirectActorCallArgWaitComplete - 1 total (0 active), CPU time: mean = 20.166 ms, total = 20.166 ms
	InternalPubSubGcsService.grpc_client.GcsSubscriberCommandBatch - 1 total (0 active), CPU time: mean = 169.779 us, total = 169.779 us


[2022-06-20 22:56:06,512 W 841 1081] profiling.cc:75: The GCS is backlogged processing profiling data. Some events may be dropped.
[2022-06-20 22:56:13,396 I 841 1081] core_worker.cc:3086: Force kill actor request has received. exiting immediately...
[2022-06-20 22:56:13,396 I 841 1081] core_worker.cc:591: Disconnecting to the raylet.
[2022-06-20 22:56:13,467 I 841 1081] raylet_client.cc:162: RayletClient::Disconnect, exit_type=INTENDED_EXIT, has creation_task_exception_pb_bytes=0
