[2022-06-20 22:53:24,215 I 838 838] core_worker_process.cc:120: Constructing CoreWorkerProcess. pid: 838
[2022-06-20 22:53:24,472 I 838 838] grpc_server.cc:105: worker server started, listening on port 10010.
[2022-06-20 22:53:24,475 I 838 838] core_worker.cc:175: Initializing worker at address: 10.140.1.109:10010, worker ID 777a8b0378df86fc64d7571bc1a044d181e3dc1a9d5b0dd88d697162, raylet 7562cb0081c73f4ed2ac21d1956887bd794b724f1b8c157f4e02d603
[2022-06-20 22:53:24,475 I 838 1048] gcs_server_address_updater.cc:32: GCS Server updater thread id: 139964553602816
[2022-06-20 22:53:24,667 I 838 838] io_service_pool.cc:35: IOServicePool is running with 1 io_service.
[2022-06-20 22:53:24,684 I 838 1079] core_worker.cc:494: Event stats:


Global stats: 17 total (11 active)
Queueing time: mean = 21.314 ms, max = 91.372 ms, min = 373.266 us, total = 362.343 ms
Execution time:  mean = 22.144 us, total = 376.440 us
Event stats:
	PeriodicalRunner.RunFnPeriodically - 7 total (2 active, 1 running), CPU time: mean = 23.737 us, total = 166.160 us
	UNKNOWN - 3 total (3 active), CPU time: mean = 0.000 s, total = 0.000 s
	GcsClient.deadline_timer.check_gcs_connection - 1 total (1 active), CPU time: mean = 0.000 s, total = 0.000 s
	NodeInfoGcsService.grpc_client.GetAllNodeInfo - 1 total (1 active), CPU time: mean = 0.000 s, total = 0.000 s
	InternalPubSubGcsService.grpc_client.GcsSubscriberCommandBatch - 1 total (0 active), CPU time: mean = 210.280 us, total = 210.280 us
	WorkerInfoGcsService.grpc_client.AddWorkerInfo - 1 total (1 active), CPU time: mean = 0.000 s, total = 0.000 s
	CoreWorker.deadline_timer.flush_profiling_events - 1 total (1 active), CPU time: mean = 0.000 s, total = 0.000 s
	InternalPubSubGcsService.grpc_client.GcsSubscriberPoll - 1 total (1 active), CPU time: mean = 0.000 s, total = 0.000 s
	NodeManagerService.grpc_client.ReportWorkerBacklog - 1 total (1 active), CPU time: mean = 0.000 s, total = 0.000 s


[2022-06-20 22:53:24,703 I 838 1079] accessor.cc:599: Received notification for node id = 7562cb0081c73f4ed2ac21d1956887bd794b724f1b8c157f4e02d603, IsAlive = 1
[2022-06-20 22:53:25,664 I 838 838] direct_actor_task_submitter.cc:33: Set max pending calls to -1 for actor ac78328d9f62cf8b1021865a02000000
[2022-06-20 22:53:25,665 I 838 838] direct_actor_task_submitter.cc:217: Connecting to actor ac78328d9f62cf8b1021865a02000000 at worker 777a8b0378df86fc64d7571bc1a044d181e3dc1a9d5b0dd88d697162
[2022-06-20 22:53:25,665 I 838 838] core_worker.cc:2317: Creating actor: ac78328d9f62cf8b1021865a02000000
[2022-06-20 22:54:24,903 I 838 1079] core_worker.cc:494: Event stats:


Global stats: 933 total (8 active)
Queueing time: mean = 7.037 ms, max = 1.023 s, min = -0.050 s, total = 6.566 s
Execution time:  mean = 2.130 ms, total = 1.987 s
Event stats:
	UNKNOWN - 699 total (5 active, 1 running), CPU time: mean = 1.782 ms, total = 1.246 s
	GcsClient.deadline_timer.check_gcs_connection - 59 total (1 active), CPU time: mean = 2.811 ms, total = 165.869 ms
	CoreWorker.deadline_timer.flush_profiling_events - 59 total (1 active), CPU time: mean = 2.735 ms, total = 161.351 ms
	NodeManagerService.grpc_client.ReportWorkerBacklog - 59 total (0 active), CPU time: mean = 6.024 us, total = 355.414 us
	CoreWorkerService.grpc_server.GetCoreWorkerStats - 45 total (0 active), CPU time: mean = 8.832 ms, total = 397.454 ms
	PeriodicalRunner.RunFnPeriodically - 7 total (0 active), CPU time: mean = 2.337 ms, total = 16.359 ms
	NodeInfoGcsService.grpc_client.GetAllNodeInfo - 1 total (0 active), CPU time: mean = 40.643 us, total = 40.643 us
	InternalPubSubGcsService.grpc_client.GcsSubscriberCommandBatch - 1 total (0 active), CPU time: mean = 210.280 us, total = 210.280 us
	CoreWorkerService.grpc_server.PushTask - 1 total (0 active), CPU time: mean = 83.506 us, total = 83.506 us
	WorkerInfoGcsService.grpc_client.AddWorkerInfo - 1 total (0 active), CPU time: mean = 13.917 us, total = 13.917 us
	InternalPubSubGcsService.grpc_client.GcsSubscriberPoll - 1 total (1 active), CPU time: mean = 0.000 s, total = 0.000 s


[2022-06-20 22:55:11,813 I 838 838] direct_actor_transport.cc:144: Actor creation task finished, task_id: ffffffffffffffffac78328d9f62cf8b1021865a02000000, actor_id: ac78328d9f62cf8b1021865a02000000
[2022-06-20 22:55:27,382 I 838 1079] core_worker.cc:494: Event stats:


Global stats: 1798 total (8 active)
Queueing time: mean = 17.860 ms, max = 3.651 s, min = -0.050 s, total = 32.111 s
Execution time:  mean = 5.120 ms, total = 9.205 s
Event stats:
	UNKNOWN - 1345 total (5 active, 1 running), CPU time: mean = 4.795 ms, total = 6.449 s
	GcsClient.deadline_timer.check_gcs_connection - 115 total (1 active), CPU time: mean = 2.098 ms, total = 241.221 ms
	CoreWorker.deadline_timer.flush_profiling_events - 115 total (1 active), CPU time: mean = 6.629 ms, total = 762.344 ms
	NodeManagerService.grpc_client.ReportWorkerBacklog - 114 total (0 active), CPU time: mean = 5.959 us, total = 679.295 us
	CoreWorkerService.grpc_server.GetCoreWorkerStats - 91 total (0 active), CPU time: mean = 8.633 ms, total = 785.560 ms
	PeriodicalRunner.RunFnPeriodically - 7 total (0 active), CPU time: mean = 2.337 ms, total = 16.359 ms
	StatsGcsService.grpc_client.AddProfileData - 3 total (0 active), CPU time: mean = 1.548 ms, total = 4.645 ms
	CoreWorkerService.grpc_server.PushTask - 2 total (0 active), CPU time: mean = 7.570 ms, total = 15.141 ms
	NodeInfoGcsService.grpc_client.GetAllNodeInfo - 1 total (0 active), CPU time: mean = 40.643 us, total = 40.643 us
	InternalPubSubGcsService.grpc_client.GcsSubscriberCommandBatch - 1 total (0 active), CPU time: mean = 210.280 us, total = 210.280 us
	WorkerInfoGcsService.grpc_client.AddWorkerInfo - 1 total (0 active), CPU time: mean = 13.917 us, total = 13.917 us
	InternalPubSubGcsService.grpc_client.GcsSubscriberPoll - 1 total (1 active), CPU time: mean = 0.000 s, total = 0.000 s
	CoreWorkerService.grpc_server.LocalGC - 1 total (0 active), CPU time: mean = 909.691 ms, total = 909.691 ms
	CoreWorkerService.grpc_server.DirectActorCallArgWaitComplete - 1 total (0 active), CPU time: mean = 20.171 ms, total = 20.171 ms


[2022-06-20 22:56:13,396 I 838 1079] core_worker.cc:3086: Force kill actor request has received. exiting immediately...
[2022-06-20 22:56:13,396 I 838 1079] core_worker.cc:591: Disconnecting to the raylet.
[2022-06-20 22:56:13,467 I 838 1079] raylet_client.cc:162: RayletClient::Disconnect, exit_type=INTENDED_EXIT, has creation_task_exception_pb_bytes=0
