[2022-06-20 22:50:38,082 I 130462 130462] core_worker_process.cc:120: Constructing CoreWorkerProcess. pid: 130462
[2022-06-20 22:50:38,333 I 130462 130462] grpc_server.cc:105: worker server started, listening on port 10008.
[2022-06-20 22:50:38,335 I 130462 130462] core_worker.cc:175: Initializing worker at address: 10.140.1.109:10008, worker ID 02356bb641fe665cf5186020c23faa9c6b911de12edc0c8946bc950c, raylet 7562cb0081c73f4ed2ac21d1956887bd794b724f1b8c157f4e02d603
[2022-06-20 22:50:38,335 I 130462 130789] gcs_server_address_updater.cc:32: GCS Server updater thread id: 140403277817600
[2022-06-20 22:50:38,591 I 130462 130462] io_service_pool.cc:35: IOServicePool is running with 1 io_service.
[2022-06-20 22:50:38,607 I 130462 130809] core_worker.cc:494: Event stats:


Global stats: 17 total (10 active)
Queueing time: mean = 45.406 ms, max = 154.946 ms, min = 309.252 us, total = 771.910 ms
Execution time:  mean = 19.428 us, total = 330.280 us
Event stats:
	PeriodicalRunner.RunFnPeriodically - 7 total (2 active, 1 running), CPU time: mean = 20.284 us, total = 141.990 us
	UNKNOWN - 3 total (3 active), CPU time: mean = 0.000 s, total = 0.000 s
	WorkerInfoGcsService.grpc_client.AddWorkerInfo - 1 total (0 active), CPU time: mean = 11.633 us, total = 11.633 us
	InternalPubSubGcsService.grpc_client.GcsSubscriberCommandBatch - 1 total (0 active), CPU time: mean = 176.657 us, total = 176.657 us
	NodeInfoGcsService.grpc_client.GetAllNodeInfo - 1 total (1 active), CPU time: mean = 0.000 s, total = 0.000 s
	InternalPubSubGcsService.grpc_client.GcsSubscriberPoll - 1 total (1 active), CPU time: mean = 0.000 s, total = 0.000 s
	NodeManagerService.grpc_client.ReportWorkerBacklog - 1 total (1 active), CPU time: mean = 0.000 s, total = 0.000 s
	GcsClient.deadline_timer.check_gcs_connection - 1 total (1 active), CPU time: mean = 0.000 s, total = 0.000 s
	CoreWorker.deadline_timer.flush_profiling_events - 1 total (1 active), CPU time: mean = 0.000 s, total = 0.000 s


[2022-06-20 22:50:38,607 I 130462 130809] accessor.cc:599: Received notification for node id = 7562cb0081c73f4ed2ac21d1956887bd794b724f1b8c157f4e02d603, IsAlive = 1
[2022-06-20 22:50:39,059 I 130462 130462] direct_actor_task_submitter.cc:33: Set max pending calls to -1 for actor fc6e78d208c6992a4efbf31902000000
[2022-06-20 22:50:39,059 I 130462 130462] direct_actor_task_submitter.cc:217: Connecting to actor fc6e78d208c6992a4efbf31902000000 at worker 02356bb641fe665cf5186020c23faa9c6b911de12edc0c8946bc950c
[2022-06-20 22:50:39,059 I 130462 130462] core_worker.cc:2317: Creating actor: fc6e78d208c6992a4efbf31902000000
[2022-06-20 22:51:38,878 I 130462 130809] core_worker.cc:494: Event stats:


Global stats: 788 total (9 active)
Queueing time: mean = 50.209 ms, max = 3.234 s, min = -0.000 s, total = 39.565 s
Execution time:  mean = 14.833 ms, total = 11.689 s
Event stats:
	UNKNOWN - 578 total (5 active, 1 running), CPU time: mean = 14.493 ms, total = 8.377 s
	GcsClient.deadline_timer.check_gcs_connection - 52 total (1 active), CPU time: mean = 2.278 ms, total = 118.434 ms
	CoreWorker.deadline_timer.flush_profiling_events - 52 total (1 active), CPU time: mean = 13.956 ms, total = 725.733 ms
	NodeManagerService.grpc_client.ReportWorkerBacklog - 51 total (1 active), CPU time: mean = 7.631 us, total = 389.197 us
	CoreWorkerService.grpc_server.GetCoreWorkerStats - 43 total (0 active), CPU time: mean = 56.988 ms, total = 2.450 s
	PeriodicalRunner.RunFnPeriodically - 7 total (0 active), CPU time: mean = 2.284 ms, total = 15.991 ms
	WorkerInfoGcsService.grpc_client.AddWorkerInfo - 1 total (0 active), CPU time: mean = 11.633 us, total = 11.633 us
	CoreWorkerService.grpc_server.PushTask - 1 total (0 active), CPU time: mean = 65.476 us, total = 65.476 us
	InternalPubSubGcsService.grpc_client.GcsSubscriberCommandBatch - 1 total (0 active), CPU time: mean = 176.657 us, total = 176.657 us
	NodeInfoGcsService.grpc_client.GetAllNodeInfo - 1 total (0 active), CPU time: mean = 49.467 us, total = 49.467 us
	InternalPubSubGcsService.grpc_client.GcsSubscriberPoll - 1 total (1 active), CPU time: mean = 0.000 s, total = 0.000 s


[2022-06-20 22:51:40,269 I 130462 130462] direct_actor_transport.cc:144: Actor creation task finished, task_id: fffffffffffffffffc6e78d208c6992a4efbf31902000000, actor_id: fc6e78d208c6992a4efbf31902000000
[2022-06-20 22:52:31,084 I 130462 130809] core_worker.cc:3086: Force kill actor request has received. exiting immediately...
[2022-06-20 22:52:31,120 I 130462 130809] core_worker.cc:591: Disconnecting to the raylet.
[2022-06-20 22:52:31,165 I 130462 130809] raylet_client.cc:162: RayletClient::Disconnect, exit_type=INTENDED_EXIT, has creation_task_exception_pb_bytes=0
