[2022-06-20 22:50:38,082 I 130458 130458] core_worker_process.cc:120: Constructing CoreWorkerProcess. pid: 130458
[2022-06-20 22:50:38,333 I 130458 130458] grpc_server.cc:105: worker server started, listening on port 10007.
[2022-06-20 22:50:38,335 I 130458 130458] core_worker.cc:175: Initializing worker at address: 10.140.1.109:10007, worker ID 288446489be566293a362b9e8fd4f7ab5dc10280859c74f64476105e, raylet 7562cb0081c73f4ed2ac21d1956887bd794b724f1b8c157f4e02d603
[2022-06-20 22:50:38,335 I 130458 130794] gcs_server_address_updater.cc:32: GCS Server updater thread id: 140172163282688
[2022-06-20 22:50:38,591 I 130458 130458] io_service_pool.cc:35: IOServicePool is running with 1 io_service.
[2022-06-20 22:50:38,607 I 130458 130806] core_worker.cc:494: Event stats:


Global stats: 17 total (10 active)
Queueing time: mean = 45.412 ms, max = 154.960 ms, min = 361.289 us, total = 772.011 ms
Execution time:  mean = 20.066 us, total = 341.130 us
Event stats:
	PeriodicalRunner.RunFnPeriodically - 7 total (2 active, 1 running), CPU time: mean = 22.569 us, total = 157.986 us
	UNKNOWN - 3 total (3 active), CPU time: mean = 0.000 s, total = 0.000 s
	WorkerInfoGcsService.grpc_client.AddWorkerInfo - 1 total (0 active), CPU time: mean = 12.256 us, total = 12.256 us
	NodeManagerService.grpc_client.ReportWorkerBacklog - 1 total (1 active), CPU time: mean = 0.000 s, total = 0.000 s
	CoreWorker.deadline_timer.flush_profiling_events - 1 total (1 active), CPU time: mean = 0.000 s, total = 0.000 s
	InternalPubSubGcsService.grpc_client.GcsSubscriberCommandBatch - 1 total (0 active), CPU time: mean = 170.888 us, total = 170.888 us
	InternalPubSubGcsService.grpc_client.GcsSubscriberPoll - 1 total (1 active), CPU time: mean = 0.000 s, total = 0.000 s
	GcsClient.deadline_timer.check_gcs_connection - 1 total (1 active), CPU time: mean = 0.000 s, total = 0.000 s
	NodeInfoGcsService.grpc_client.GetAllNodeInfo - 1 total (1 active), CPU time: mean = 0.000 s, total = 0.000 s


[2022-06-20 22:50:38,607 I 130458 130806] accessor.cc:599: Received notification for node id = 7562cb0081c73f4ed2ac21d1956887bd794b724f1b8c157f4e02d603, IsAlive = 1
[2022-06-20 22:50:39,059 I 130458 130458] direct_actor_task_submitter.cc:33: Set max pending calls to -1 for actor 28c1bd6c1d709e1fab4439a202000000
[2022-06-20 22:50:39,059 I 130458 130458] direct_actor_task_submitter.cc:217: Connecting to actor 28c1bd6c1d709e1fab4439a202000000 at worker 288446489be566293a362b9e8fd4f7ab5dc10280859c74f64476105e
[2022-06-20 22:50:39,059 I 130458 130458] core_worker.cc:2317: Creating actor: 28c1bd6c1d709e1fab4439a202000000
[2022-06-20 22:51:38,878 I 130458 130806] core_worker.cc:494: Event stats:


Global stats: 789 total (9 active)
Queueing time: mean = 49.942 ms, max = 3.194 s, min = -0.000 s, total = 39.404 s
Execution time:  mean = 14.762 ms, total = 11.647 s
Event stats:
	UNKNOWN - 579 total (5 active, 1 running), CPU time: mean = 14.398 ms, total = 8.337 s
	CoreWorker.deadline_timer.flush_profiling_events - 52 total (1 active), CPU time: mean = 13.956 ms, total = 725.716 ms
	GcsClient.deadline_timer.check_gcs_connection - 52 total (1 active), CPU time: mean = 2.277 ms, total = 118.403 ms
	NodeManagerService.grpc_client.ReportWorkerBacklog - 51 total (1 active), CPU time: mean = 5.506 us, total = 280.809 us
	CoreWorkerService.grpc_server.GetCoreWorkerStats - 43 total (0 active), CPU time: mean = 56.980 ms, total = 2.450 s
	PeriodicalRunner.RunFnPeriodically - 7 total (0 active), CPU time: mean = 2.287 ms, total = 16.006 ms
	WorkerInfoGcsService.grpc_client.AddWorkerInfo - 1 total (0 active), CPU time: mean = 12.256 us, total = 12.256 us
	InternalPubSubGcsService.grpc_client.GcsSubscriberCommandBatch - 1 total (0 active), CPU time: mean = 170.888 us, total = 170.888 us
	CoreWorkerService.grpc_server.PushTask - 1 total (0 active), CPU time: mean = 71.737 us, total = 71.737 us
	InternalPubSubGcsService.grpc_client.GcsSubscriberPoll - 1 total (1 active), CPU time: mean = 0.000 s, total = 0.000 s
	NodeInfoGcsService.grpc_client.GetAllNodeInfo - 1 total (0 active), CPU time: mean = 39.573 us, total = 39.573 us


[2022-06-20 22:51:40,269 I 130458 130458] direct_actor_transport.cc:144: Actor creation task finished, task_id: ffffffffffffffff28c1bd6c1d709e1fab4439a202000000, actor_id: 28c1bd6c1d709e1fab4439a202000000
[2022-06-20 22:52:31,084 I 130458 130806] core_worker.cc:3086: Force kill actor request has received. exiting immediately...
[2022-06-20 22:52:31,120 I 130458 130806] core_worker.cc:591: Disconnecting to the raylet.
[2022-06-20 22:52:31,165 I 130458 130806] raylet_client.cc:162: RayletClient::Disconnect, exit_type=INTENDED_EXIT, has creation_task_exception_pb_bytes=0
