[2022-06-20 22:50:38,082 I 130460 130460] core_worker_process.cc:120: Constructing CoreWorkerProcess. pid: 130460
[2022-06-20 22:50:38,333 I 130460 130460] grpc_server.cc:105: worker server started, listening on port 10005.
[2022-06-20 22:50:38,335 I 130460 130460] core_worker.cc:175: Initializing worker at address: 10.140.1.109:10005, worker ID d8be6c96cae448784a46dcf92a3aa2f02242ef1317a1714faf4ed2ab, raylet 7562cb0081c73f4ed2ac21d1956887bd794b724f1b8c157f4e02d603
[2022-06-20 22:50:38,335 I 130460 130792] gcs_server_address_updater.cc:32: GCS Server updater thread id: 139797486102272
[2022-06-20 22:50:38,591 I 130460 130460] io_service_pool.cc:35: IOServicePool is running with 1 io_service.
[2022-06-20 22:50:38,607 I 130460 130805] core_worker.cc:494: Event stats:


Global stats: 17 total (10 active)
Queueing time: mean = 45.382 ms, max = 154.885 ms, min = 352.494 us, total = 771.500 ms
Execution time:  mean = 20.584 us, total = 349.933 us
Event stats:
	PeriodicalRunner.RunFnPeriodically - 7 total (2 active, 1 running), CPU time: mean = 18.815 us, total = 131.708 us
	UNKNOWN - 3 total (3 active), CPU time: mean = 0.000 s, total = 0.000 s
	NodeInfoGcsService.grpc_client.GetAllNodeInfo - 1 total (1 active), CPU time: mean = 0.000 s, total = 0.000 s
	NodeManagerService.grpc_client.ReportWorkerBacklog - 1 total (1 active), CPU time: mean = 0.000 s, total = 0.000 s
	CoreWorker.deadline_timer.flush_profiling_events - 1 total (1 active), CPU time: mean = 0.000 s, total = 0.000 s
	GcsClient.deadline_timer.check_gcs_connection - 1 total (1 active), CPU time: mean = 0.000 s, total = 0.000 s
	InternalPubSubGcsService.grpc_client.GcsSubscriberPoll - 1 total (1 active), CPU time: mean = 0.000 s, total = 0.000 s
	InternalPubSubGcsService.grpc_client.GcsSubscriberCommandBatch - 1 total (0 active), CPU time: mean = 201.942 us, total = 201.942 us
	WorkerInfoGcsService.grpc_client.AddWorkerInfo - 1 total (0 active), CPU time: mean = 16.283 us, total = 16.283 us


[2022-06-20 22:50:38,607 I 130460 130805] accessor.cc:599: Received notification for node id = 7562cb0081c73f4ed2ac21d1956887bd794b724f1b8c157f4e02d603, IsAlive = 1
[2022-06-20 22:50:39,059 I 130460 130460] direct_actor_task_submitter.cc:33: Set max pending calls to -1 for actor c6d20d29bdcca428353607fe02000000
[2022-06-20 22:50:39,059 I 130460 130460] direct_actor_task_submitter.cc:217: Connecting to actor c6d20d29bdcca428353607fe02000000 at worker d8be6c96cae448784a46dcf92a3aa2f02242ef1317a1714faf4ed2ab
[2022-06-20 22:50:39,059 I 130460 130460] core_worker.cc:2317: Creating actor: c6d20d29bdcca428353607fe02000000
[2022-06-20 22:51:38,878 I 130460 130805] core_worker.cc:494: Event stats:


Global stats: 788 total (9 active)
Queueing time: mean = 50.203 ms, max = 3.234 s, min = -0.000 s, total = 39.560 s
Execution time:  mean = 14.838 ms, total = 11.692 s
Event stats:
	UNKNOWN - 578 total (5 active, 1 running), CPU time: mean = 14.501 ms, total = 8.382 s
	CoreWorker.deadline_timer.flush_profiling_events - 52 total (1 active), CPU time: mean = 13.956 ms, total = 725.723 ms
	GcsClient.deadline_timer.check_gcs_connection - 52 total (1 active), CPU time: mean = 2.276 ms, total = 118.364 ms
	NodeManagerService.grpc_client.ReportWorkerBacklog - 51 total (1 active), CPU time: mean = 6.257 us, total = 319.128 us
	CoreWorkerService.grpc_server.GetCoreWorkerStats - 43 total (0 active), CPU time: mean = 56.972 ms, total = 2.450 s
	PeriodicalRunner.RunFnPeriodically - 7 total (0 active), CPU time: mean = 2.289 ms, total = 16.026 ms
	NodeInfoGcsService.grpc_client.GetAllNodeInfo - 1 total (0 active), CPU time: mean = 45.411 us, total = 45.411 us
	CoreWorkerService.grpc_server.PushTask - 1 total (0 active), CPU time: mean = 80.889 us, total = 80.889 us
	InternalPubSubGcsService.grpc_client.GcsSubscriberPoll - 1 total (1 active), CPU time: mean = 0.000 s, total = 0.000 s
	InternalPubSubGcsService.grpc_client.GcsSubscriberCommandBatch - 1 total (0 active), CPU time: mean = 201.942 us, total = 201.942 us
	WorkerInfoGcsService.grpc_client.AddWorkerInfo - 1 total (0 active), CPU time: mean = 16.283 us, total = 16.283 us


[2022-06-20 22:51:40,269 I 130460 130460] direct_actor_transport.cc:144: Actor creation task finished, task_id: ffffffffffffffffc6d20d29bdcca428353607fe02000000, actor_id: c6d20d29bdcca428353607fe02000000
[2022-06-20 22:52:31,084 I 130460 130805] core_worker.cc:3086: Force kill actor request has received. exiting immediately...
[2022-06-20 22:52:31,120 I 130460 130805] core_worker.cc:591: Disconnecting to the raylet.
[2022-06-20 22:52:31,165 I 130460 130805] raylet_client.cc:162: RayletClient::Disconnect, exit_type=INTENDED_EXIT, has creation_task_exception_pb_bytes=0
