[2022-06-20 22:50:38,108 I 130459 130459] core_worker_process.cc:120: Constructing CoreWorkerProcess. pid: 130459
[2022-06-20 22:50:38,333 I 130459 130459] grpc_server.cc:105: worker server started, listening on port 10006.
[2022-06-20 22:50:38,335 I 130459 130459] core_worker.cc:175: Initializing worker at address: 10.140.1.109:10006, worker ID 28c932ad84a0795aa339e273a9e3ee7d176493b4d8ace37e1518e84c, raylet 7562cb0081c73f4ed2ac21d1956887bd794b724f1b8c157f4e02d603
[2022-06-20 22:50:38,335 I 130459 130793] gcs_server_address_updater.cc:32: GCS Server updater thread id: 140017393456896
[2022-06-20 22:50:38,591 I 130459 130459] io_service_pool.cc:35: IOServicePool is running with 1 io_service.
[2022-06-20 22:50:38,607 I 130459 130811] core_worker.cc:494: Event stats:


Global stats: 17 total (10 active)
Queueing time: mean = 45.749 ms, max = 154.993 ms, min = 376.333 us, total = 777.727 ms
Execution time:  mean = 22.491 us, total = 382.349 us
Event stats:
	PeriodicalRunner.RunFnPeriodically - 7 total (2 active, 1 running), CPU time: mean = 25.910 us, total = 181.372 us
	UNKNOWN - 3 total (3 active), CPU time: mean = 0.000 s, total = 0.000 s
	NodeInfoGcsService.grpc_client.GetAllNodeInfo - 1 total (1 active), CPU time: mean = 0.000 s, total = 0.000 s
	NodeManagerService.grpc_client.ReportWorkerBacklog - 1 total (1 active), CPU time: mean = 0.000 s, total = 0.000 s
	GcsClient.deadline_timer.check_gcs_connection - 1 total (1 active), CPU time: mean = 0.000 s, total = 0.000 s
	InternalPubSubGcsService.grpc_client.GcsSubscriberCommandBatch - 1 total (0 active), CPU time: mean = 187.496 us, total = 187.496 us
	InternalPubSubGcsService.grpc_client.GcsSubscriberPoll - 1 total (1 active), CPU time: mean = 0.000 s, total = 0.000 s
	WorkerInfoGcsService.grpc_client.AddWorkerInfo - 1 total (0 active), CPU time: mean = 13.481 us, total = 13.481 us
	CoreWorker.deadline_timer.flush_profiling_events - 1 total (1 active), CPU time: mean = 0.000 s, total = 0.000 s


[2022-06-20 22:50:38,607 I 130459 130811] accessor.cc:599: Received notification for node id = 7562cb0081c73f4ed2ac21d1956887bd794b724f1b8c157f4e02d603, IsAlive = 1
[2022-06-20 22:50:39,059 I 130459 130459] direct_actor_task_submitter.cc:33: Set max pending calls to -1 for actor 2354e825374d797cd2d522be02000000
[2022-06-20 22:50:39,059 I 130459 130459] direct_actor_task_submitter.cc:217: Connecting to actor 2354e825374d797cd2d522be02000000 at worker 28c932ad84a0795aa339e273a9e3ee7d176493b4d8ace37e1518e84c
[2022-06-20 22:50:39,059 I 130459 130459] core_worker.cc:2317: Creating actor: 2354e825374d797cd2d522be02000000
[2022-06-20 22:51:38,878 I 130459 130811] core_worker.cc:494: Event stats:


Global stats: 789 total (9 active)
Queueing time: mean = 49.932 ms, max = 3.194 s, min = -0.000 s, total = 39.396 s
Execution time:  mean = 14.793 ms, total = 11.671 s
Event stats:
	UNKNOWN - 579 total (5 active, 1 running), CPU time: mean = 14.203 ms, total = 8.224 s
	GcsClient.deadline_timer.check_gcs_connection - 52 total (1 active), CPU time: mean = 4.711 ms, total = 244.988 ms
	CoreWorker.deadline_timer.flush_profiling_events - 52 total (1 active), CPU time: mean = 13.956 ms, total = 725.735 ms
	NodeManagerService.grpc_client.ReportWorkerBacklog - 51 total (1 active), CPU time: mean = 7.722 us, total = 393.831 us
	CoreWorkerService.grpc_server.GetCoreWorkerStats - 43 total (0 active), CPU time: mean = 57.215 ms, total = 2.460 s
	PeriodicalRunner.RunFnPeriodically - 7 total (0 active), CPU time: mean = 2.276 ms, total = 15.929 ms
	NodeInfoGcsService.grpc_client.GetAllNodeInfo - 1 total (0 active), CPU time: mean = 48.106 us, total = 48.106 us
	InternalPubSubGcsService.grpc_client.GcsSubscriberCommandBatch - 1 total (0 active), CPU time: mean = 187.496 us, total = 187.496 us
	InternalPubSubGcsService.grpc_client.GcsSubscriberPoll - 1 total (1 active), CPU time: mean = 0.000 s, total = 0.000 s
	WorkerInfoGcsService.grpc_client.AddWorkerInfo - 1 total (0 active), CPU time: mean = 13.481 us, total = 13.481 us
	CoreWorkerService.grpc_server.PushTask - 1 total (0 active), CPU time: mean = 70.526 us, total = 70.526 us


[2022-06-20 22:51:40,269 I 130459 130459] direct_actor_transport.cc:144: Actor creation task finished, task_id: ffffffffffffffff2354e825374d797cd2d522be02000000, actor_id: 2354e825374d797cd2d522be02000000
[2022-06-20 22:52:31,084 I 130459 130811] core_worker.cc:3086: Force kill actor request has received. exiting immediately...
[2022-06-20 22:52:31,120 I 130459 130811] core_worker.cc:591: Disconnecting to the raylet.
[2022-06-20 22:52:31,165 I 130459 130811] raylet_client.cc:162: RayletClient::Disconnect, exit_type=INTENDED_EXIT, has creation_task_exception_pb_bytes=0
