[2022-06-20 22:53:24,215 I 840 840] core_worker_process.cc:120: Constructing CoreWorkerProcess. pid: 840
[2022-06-20 22:53:24,472 I 840 840] grpc_server.cc:105: worker server started, listening on port 10013.
[2022-06-20 22:53:24,475 I 840 840] core_worker.cc:175: Initializing worker at address: 10.140.1.109:10013, worker ID a114c6a25e81cdf267f3f891b1b31a286d8ebb1f984c9a3a99912ab6, raylet 7562cb0081c73f4ed2ac21d1956887bd794b724f1b8c157f4e02d603
[2022-06-20 22:53:24,475 I 840 1056] gcs_server_address_updater.cc:32: GCS Server updater thread id: 140371635971840
[2022-06-20 22:53:24,667 I 840 840] io_service_pool.cc:35: IOServicePool is running with 1 io_service.
[2022-06-20 22:53:24,684 I 840 1078] core_worker.cc:494: Event stats:


Global stats: 17 total (11 active)
Queueing time: mean = 21.309 ms, max = 91.408 ms, min = 389.641 us, total = 362.261 ms
Execution time:  mean = 23.599 us, total = 401.188 us
Event stats:
	PeriodicalRunner.RunFnPeriodically - 7 total (2 active, 1 running), CPU time: mean = 26.610 us, total = 186.268 us
	UNKNOWN - 3 total (3 active), CPU time: mean = 0.000 s, total = 0.000 s
	InternalPubSubGcsService.grpc_client.GcsSubscriberCommandBatch - 1 total (0 active), CPU time: mean = 214.920 us, total = 214.920 us
	NodeManagerService.grpc_client.ReportWorkerBacklog - 1 total (1 active), CPU time: mean = 0.000 s, total = 0.000 s
	CoreWorker.deadline_timer.flush_profiling_events - 1 total (1 active), CPU time: mean = 0.000 s, total = 0.000 s
	WorkerInfoGcsService.grpc_client.AddWorkerInfo - 1 total (1 active), CPU time: mean = 0.000 s, total = 0.000 s
	NodeInfoGcsService.grpc_client.GetAllNodeInfo - 1 total (1 active), CPU time: mean = 0.000 s, total = 0.000 s
	GcsClient.deadline_timer.check_gcs_connection - 1 total (1 active), CPU time: mean = 0.000 s, total = 0.000 s
	InternalPubSubGcsService.grpc_client.GcsSubscriberPoll - 1 total (1 active), CPU time: mean = 0.000 s, total = 0.000 s


[2022-06-20 22:53:24,703 I 840 1078] accessor.cc:599: Received notification for node id = 7562cb0081c73f4ed2ac21d1956887bd794b724f1b8c157f4e02d603, IsAlive = 1
[2022-06-20 22:53:25,681 I 840 840] direct_actor_task_submitter.cc:33: Set max pending calls to -1 for actor 8bb9402d72033c83a378e5c902000000
[2022-06-20 22:53:25,681 I 840 840] direct_actor_task_submitter.cc:217: Connecting to actor 8bb9402d72033c83a378e5c902000000 at worker a114c6a25e81cdf267f3f891b1b31a286d8ebb1f984c9a3a99912ab6
[2022-06-20 22:53:25,681 I 840 840] core_worker.cc:2317: Creating actor: 8bb9402d72033c83a378e5c902000000
[2022-06-20 22:54:24,903 I 840 1078] core_worker.cc:494: Event stats:


Global stats: 933 total (8 active)
Queueing time: mean = 7.070 ms, max = 1.039 s, min = -0.050 s, total = 6.597 s
Execution time:  mean = 2.101 ms, total = 1.960 s
Event stats:
	UNKNOWN - 699 total (5 active, 1 running), CPU time: mean = 1.736 ms, total = 1.214 s
	NodeManagerService.grpc_client.ReportWorkerBacklog - 59 total (0 active), CPU time: mean = 5.802 us, total = 342.311 us
	CoreWorker.deadline_timer.flush_profiling_events - 59 total (1 active), CPU time: mean = 2.735 ms, total = 161.379 ms
	GcsClient.deadline_timer.check_gcs_connection - 59 total (1 active), CPU time: mean = 2.812 ms, total = 165.885 ms
	CoreWorkerService.grpc_server.GetCoreWorkerStats - 45 total (0 active), CPU time: mean = 8.944 ms, total = 402.472 ms
	PeriodicalRunner.RunFnPeriodically - 7 total (0 active), CPU time: mean = 2.340 ms, total = 16.382 ms
	InternalPubSubGcsService.grpc_client.GcsSubscriberCommandBatch - 1 total (0 active), CPU time: mean = 214.920 us, total = 214.920 us
	CoreWorkerService.grpc_server.PushTask - 1 total (0 active), CPU time: mean = 112.463 us, total = 112.463 us
	WorkerInfoGcsService.grpc_client.AddWorkerInfo - 1 total (0 active), CPU time: mean = 20.301 us, total = 20.301 us
	NodeInfoGcsService.grpc_client.GetAllNodeInfo - 1 total (0 active), CPU time: mean = 44.368 us, total = 44.368 us
	InternalPubSubGcsService.grpc_client.GcsSubscriberPoll - 1 total (1 active), CPU time: mean = 0.000 s, total = 0.000 s


[2022-06-20 22:55:11,813 I 840 840] direct_actor_transport.cc:144: Actor creation task finished, task_id: ffffffffffffffff8bb9402d72033c83a378e5c902000000, actor_id: 8bb9402d72033c83a378e5c902000000
[2022-06-20 22:55:27,382 I 840 1078] core_worker.cc:494: Event stats:


Global stats: 1798 total (8 active)
Queueing time: mean = 17.819 ms, max = 3.651 s, min = -0.050 s, total = 32.038 s
Execution time:  mean = 5.121 ms, total = 9.207 s
Event stats:
	UNKNOWN - 1345 total (5 active, 1 running), CPU time: mean = 4.792 ms, total = 6.445 s
	CoreWorker.deadline_timer.flush_profiling_events - 115 total (1 active), CPU time: mean = 6.630 ms, total = 762.478 ms
	GcsClient.deadline_timer.check_gcs_connection - 115 total (1 active), CPU time: mean = 2.098 ms, total = 241.252 ms
	NodeManagerService.grpc_client.ReportWorkerBacklog - 114 total (0 active), CPU time: mean = 5.842 us, total = 666.027 us
	CoreWorkerService.grpc_server.GetCoreWorkerStats - 91 total (0 active), CPU time: mean = 8.913 ms, total = 811.047 ms
	PeriodicalRunner.RunFnPeriodically - 7 total (0 active), CPU time: mean = 2.340 ms, total = 16.382 ms
	StatsGcsService.grpc_client.AddProfileData - 3 total (0 active), CPU time: mean = 1.546 ms, total = 4.639 ms
	CoreWorkerService.grpc_server.PushTask - 2 total (0 active), CPU time: mean = 7.589 ms, total = 15.178 ms
	InternalPubSubGcsService.grpc_client.GcsSubscriberCommandBatch - 1 total (0 active), CPU time: mean = 214.920 us, total = 214.920 us
	CoreWorkerService.grpc_server.DirectActorCallArgWaitComplete - 1 total (0 active), CPU time: mean = 20.167 ms, total = 20.167 ms
	WorkerInfoGcsService.grpc_client.AddWorkerInfo - 1 total (0 active), CPU time: mean = 20.301 us, total = 20.301 us
	CoreWorkerService.grpc_server.LocalGC - 1 total (0 active), CPU time: mean = 890.288 ms, total = 890.288 ms
	NodeInfoGcsService.grpc_client.GetAllNodeInfo - 1 total (0 active), CPU time: mean = 44.368 us, total = 44.368 us
	InternalPubSubGcsService.grpc_client.GcsSubscriberPoll - 1 total (1 active), CPU time: mean = 0.000 s, total = 0.000 s


[2022-06-20 22:56:06,532 W 840 1078] profiling.cc:75: The GCS is backlogged processing profiling data. Some events may be dropped.
[2022-06-20 22:56:13,396 I 840 1078] core_worker.cc:3086: Force kill actor request has received. exiting immediately...
[2022-06-20 22:56:13,396 I 840 1078] core_worker.cc:591: Disconnecting to the raylet.
[2022-06-20 22:56:13,467 I 840 1078] raylet_client.cc:162: RayletClient::Disconnect, exit_type=INTENDED_EXIT, has creation_task_exception_pb_bytes=0
