[2022-06-20 22:47:19,015 I 129188 129188] core_worker_process.cc:120: Constructing CoreWorkerProcess. pid: 129188
[2022-06-20 22:47:20,056 I 129188 129188] grpc_server.cc:105: driver server started, listening on port 10002.
[2022-06-20 22:47:20,058 I 129188 129188] core_worker.cc:175: Initializing worker at address: 10.140.1.109:10002, worker ID 01000000ffffffffffffffffffffffffffffffffffffffffffffffff, raylet 7562cb0081c73f4ed2ac21d1956887bd794b724f1b8c157f4e02d603
[2022-06-20 22:47:20,059 I 129188 129447] gcs_server_address_updater.cc:32: GCS Server updater thread id: 140515718702848
[2022-06-20 22:47:20,239 I 129188 129188] io_service_pool.cc:35: IOServicePool is running with 1 io_service.
[2022-06-20 22:47:20,285 I 129188 129450] core_worker.cc:494: Event stats:


Global stats: 15 total (10 active)
Queueing time: mean = 18.306 ms, max = 79.606 ms, min = 362.679 us, total = 274.596 ms
Execution time:  mean = 20.916 us, total = 313.734 us
Event stats:
	PeriodicalRunner.RunFnPeriodically - 6 total (2 active, 1 running), CPU time: mean = 25.867 us, total = 155.202 us
	UNKNOWN - 2 total (2 active), CPU time: mean = 0.000 s, total = 0.000 s
	CoreWorker.deadline_timer.flush_profiling_events - 1 total (1 active), CPU time: mean = 0.000 s, total = 0.000 s
	InternalPubSubGcsService.grpc_client.GcsSubscriberCommandBatch - 1 total (0 active), CPU time: mean = 158.532 us, total = 158.532 us
	NodeManagerService.grpc_client.ReportWorkerBacklog - 1 total (1 active), CPU time: mean = 0.000 s, total = 0.000 s
	NodeInfoGcsService.grpc_client.GetAllNodeInfo - 1 total (1 active), CPU time: mean = 0.000 s, total = 0.000 s
	InternalPubSubGcsService.grpc_client.GcsSubscriberPoll - 1 total (1 active), CPU time: mean = 0.000 s, total = 0.000 s
	WorkerInfoGcsService.grpc_client.AddWorkerInfo - 1 total (1 active), CPU time: mean = 0.000 s, total = 0.000 s
	GcsClient.deadline_timer.check_gcs_connection - 1 total (1 active), CPU time: mean = 0.000 s, total = 0.000 s


[2022-06-20 22:47:20,285 I 129188 129450] accessor.cc:599: Received notification for node id = 7562cb0081c73f4ed2ac21d1956887bd794b724f1b8c157f4e02d603, IsAlive = 1
[2022-06-20 22:48:20,531 I 129188 129450] core_worker.cc:494: Event stats:


Global stats: 751 total (7 active)
Queueing time: mean = 39.122 ms, max = 4.996 s, min = -0.100 s, total = 29.381 s
Execution time:  mean = 14.182 ms, total = 10.651 s
Event stats:
	UNKNOWN - 545 total (4 active, 1 running), CPU time: mean = 14.001 ms, total = 7.631 s
	CoreWorker.deadline_timer.flush_profiling_events - 53 total (1 active), CPU time: mean = 8.116 ms, total = 430.141 ms
	GcsClient.deadline_timer.check_gcs_connection - 53 total (1 active), CPU time: mean = 1.938 ms, total = 102.740 ms
	NodeManagerService.grpc_client.ReportWorkerBacklog - 52 total (0 active), CPU time: mean = 6.983 us, total = 363.108 us
	CoreWorkerService.grpc_server.GetCoreWorkerStats - 38 total (0 active), CPU time: mean = 64.211 ms, total = 2.440 s
	PeriodicalRunner.RunFnPeriodically - 6 total (0 active), CPU time: mean = 7.750 ms, total = 46.497 ms
	InternalPubSubGcsService.grpc_client.GcsSubscriberCommandBatch - 1 total (0 active), CPU time: mean = 158.532 us, total = 158.532 us
	NodeInfoGcsService.grpc_client.GetAllNodeInfo - 1 total (0 active), CPU time: mean = 32.045 us, total = 32.045 us
	InternalPubSubGcsService.grpc_client.GcsSubscriberPoll - 1 total (1 active), CPU time: mean = 0.000 s, total = 0.000 s
	WorkerInfoGcsService.grpc_client.AddWorkerInfo - 1 total (0 active), CPU time: mean = 13.615 us, total = 13.615 us


[2022-06-20 22:49:20,823 I 129188 129450] core_worker.cc:494: Event stats:


Global stats: 1549 total (7 active)
Queueing time: mean = 32.216 ms, max = 4.996 s, min = -0.100 s, total = 49.902 s
Execution time:  mean = 11.095 ms, total = 17.185 s
Event stats:
	UNKNOWN - 1130 total (4 active, 1 running), CPU time: mean = 11.420 ms, total = 12.905 s
	CoreWorker.deadline_timer.flush_profiling_events - 108 total (1 active), CPU time: mean = 5.249 ms, total = 566.893 ms
	GcsClient.deadline_timer.check_gcs_connection - 108 total (1 active), CPU time: mean = 1.325 ms, total = 143.071 ms
	NodeManagerService.grpc_client.ReportWorkerBacklog - 107 total (0 active), CPU time: mean = 335.132 us, total = 35.859 ms
	CoreWorkerService.grpc_server.GetCoreWorkerStats - 86 total (0 active), CPU time: mean = 40.559 ms, total = 3.488 s
	PeriodicalRunner.RunFnPeriodically - 6 total (0 active), CPU time: mean = 7.750 ms, total = 46.497 ms
	InternalPubSubGcsService.grpc_client.GcsSubscriberCommandBatch - 1 total (0 active), CPU time: mean = 158.532 us, total = 158.532 us
	NodeInfoGcsService.grpc_client.GetAllNodeInfo - 1 total (0 active), CPU time: mean = 32.045 us, total = 32.045 us
	InternalPubSubGcsService.grpc_client.GcsSubscriberPoll - 1 total (1 active), CPU time: mean = 0.000 s, total = 0.000 s
	WorkerInfoGcsService.grpc_client.AddWorkerInfo - 1 total (0 active), CPU time: mean = 13.615 us, total = 13.615 us


[2022-06-20 22:50:20,983 I 129188 129450] core_worker.cc:494: Event stats:


Global stats: 2371 total (8 active)
Queueing time: mean = 27.423 ms, max = 4.996 s, min = -0.100 s, total = 65.020 s
Execution time:  mean = 9.088 ms, total = 21.548 s
Event stats:
	UNKNOWN - 1742 total (4 active, 1 running), CPU time: mean = 9.189 ms, total = 16.007 s
	CoreWorker.deadline_timer.flush_profiling_events - 164 total (1 active), CPU time: mean = 4.008 ms, total = 657.356 ms
	NodeManagerService.grpc_client.ReportWorkerBacklog - 164 total (1 active), CPU time: mean = 221.025 us, total = 36.248 ms
	GcsClient.deadline_timer.check_gcs_connection - 164 total (1 active), CPU time: mean = 966.045 us, total = 158.431 ms
	CoreWorkerService.grpc_server.GetCoreWorkerStats - 127 total (0 active), CPU time: mean = 36.558 ms, total = 4.643 s
	PeriodicalRunner.RunFnPeriodically - 6 total (0 active), CPU time: mean = 7.750 ms, total = 46.497 ms
	InternalPubSubGcsService.grpc_client.GcsSubscriberCommandBatch - 1 total (0 active), CPU time: mean = 158.532 us, total = 158.532 us
	NodeInfoGcsService.grpc_client.GetAllNodeInfo - 1 total (0 active), CPU time: mean = 32.045 us, total = 32.045 us
	InternalPubSubGcsService.grpc_client.GcsSubscriberPoll - 1 total (1 active), CPU time: mean = 0.000 s, total = 0.000 s
	WorkerInfoGcsService.grpc_client.AddWorkerInfo - 1 total (0 active), CPU time: mean = 13.615 us, total = 13.615 us


[2022-06-20 22:51:21,089 I 129188 129450] core_worker.cc:494: Event stats:


Global stats: 3152 total (7 active)
Queueing time: mean = 27.186 ms, max = 4.996 s, min = -0.100 s, total = 85.691 s
Execution time:  mean = 9.314 ms, total = 29.359 s
Event stats:
	UNKNOWN - 2316 total (4 active, 1 running), CPU time: mean = 8.974 ms, total = 20.784 s
	CoreWorker.deadline_timer.flush_profiling_events - 218 total (1 active), CPU time: mean = 5.343 ms, total = 1.165 s
	NodeManagerService.grpc_client.ReportWorkerBacklog - 218 total (0 active), CPU time: mean = 168.146 us, total = 36.656 ms
	GcsClient.deadline_timer.check_gcs_connection - 218 total (1 active), CPU time: mean = 1.075 ms, total = 234.255 ms
	CoreWorkerService.grpc_server.GetCoreWorkerStats - 172 total (0 active), CPU time: mean = 41.239 ms, total = 7.093 s
	PeriodicalRunner.RunFnPeriodically - 6 total (0 active), CPU time: mean = 7.750 ms, total = 46.497 ms
	InternalPubSubGcsService.grpc_client.GcsSubscriberCommandBatch - 1 total (0 active), CPU time: mean = 158.532 us, total = 158.532 us
	NodeInfoGcsService.grpc_client.GetAllNodeInfo - 1 total (0 active), CPU time: mean = 32.045 us, total = 32.045 us
	InternalPubSubGcsService.grpc_client.GcsSubscriberPoll - 1 total (1 active), CPU time: mean = 0.000 s, total = 0.000 s
	WorkerInfoGcsService.grpc_client.AddWorkerInfo - 1 total (0 active), CPU time: mean = 13.615 us, total = 13.615 us


[2022-06-20 22:52:21,130 I 129188 129450] core_worker.cc:494: Event stats:


Global stats: 3903 total (7 active)
Queueing time: mean = 28.373 ms, max = 4.996 s, min = -0.100 s, total = 110.741 s
Execution time:  mean = 9.950 ms, total = 38.837 s
Event stats:
	UNKNOWN - 2867 total (4 active, 1 running), CPU time: mean = 9.989 ms, total = 28.638 s
	CoreWorker.deadline_timer.flush_profiling_events - 271 total (1 active), CPU time: mean = 5.289 ms, total = 1.433 s
	GcsClient.deadline_timer.check_gcs_connection - 271 total (1 active), CPU time: mean = 1.282 ms, total = 347.335 ms
	NodeManagerService.grpc_client.ReportWorkerBacklog - 270 total (0 active), CPU time: mean = 489.454 us, total = 132.153 ms
	CoreWorkerService.grpc_server.GetCoreWorkerStats - 214 total (0 active), CPU time: mean = 38.500 ms, total = 8.239 s
	PeriodicalRunner.RunFnPeriodically - 6 total (0 active), CPU time: mean = 7.750 ms, total = 46.497 ms
	InternalPubSubGcsService.grpc_client.GcsSubscriberCommandBatch - 1 total (0 active), CPU time: mean = 158.532 us, total = 158.532 us
	NodeInfoGcsService.grpc_client.GetAllNodeInfo - 1 total (0 active), CPU time: mean = 32.045 us, total = 32.045 us
	InternalPubSubGcsService.grpc_client.GcsSubscriberPoll - 1 total (1 active), CPU time: mean = 0.000 s, total = 0.000 s
	WorkerInfoGcsService.grpc_client.AddWorkerInfo - 1 total (0 active), CPU time: mean = 13.615 us, total = 13.615 us


[2022-06-20 22:53:21,483 I 129188 129450] core_worker.cc:494: Event stats:


Global stats: 4713 total (7 active)
Queueing time: mean = 26.718 ms, max = 4.996 s, min = -0.100 s, total = 125.923 s
Execution time:  mean = 9.425 ms, total = 44.418 s
Event stats:
	UNKNOWN - 3466 total (4 active, 1 running), CPU time: mean = 9.572 ms, total = 33.175 s
	CoreWorker.deadline_timer.flush_profiling_events - 327 total (1 active), CPU time: mean = 4.939 ms, total = 1.615 s
	NodeManagerService.grpc_client.ReportWorkerBacklog - 327 total (0 active), CPU time: mean = 461.312 us, total = 150.849 ms
	GcsClient.deadline_timer.check_gcs_connection - 327 total (1 active), CPU time: mean = 1.309 ms, total = 427.898 ms
	CoreWorkerService.grpc_server.GetCoreWorkerStats - 256 total (0 active), CPU time: mean = 35.163 ms, total = 9.002 s
	PeriodicalRunner.RunFnPeriodically - 6 total (0 active), CPU time: mean = 7.750 ms, total = 46.497 ms
	InternalPubSubGcsService.grpc_client.GcsSubscriberCommandBatch - 1 total (0 active), CPU time: mean = 158.532 us, total = 158.532 us
	NodeInfoGcsService.grpc_client.GetAllNodeInfo - 1 total (0 active), CPU time: mean = 32.045 us, total = 32.045 us
	InternalPubSubGcsService.grpc_client.GcsSubscriberPoll - 1 total (1 active), CPU time: mean = 0.000 s, total = 0.000 s
	WorkerInfoGcsService.grpc_client.AddWorkerInfo - 1 total (0 active), CPU time: mean = 13.615 us, total = 13.615 us


[2022-06-20 22:54:21,532 I 129188 129450] core_worker.cc:494: Event stats:


Global stats: 5575 total (7 active)
Queueing time: mean = 23.591 ms, max = 4.996 s, min = -0.100 s, total = 131.517 s
Execution time:  mean = 8.390 ms, total = 46.773 s
Event stats:
	UNKNOWN - 4106 total (4 active, 1 running), CPU time: mean = 8.560 ms, total = 35.149 s
	CoreWorker.deadline_timer.flush_profiling_events - 386 total (1 active), CPU time: mean = 4.184 ms, total = 1.615 s
	NodeManagerService.grpc_client.ReportWorkerBacklog - 386 total (0 active), CPU time: mean = 391.769 us, total = 151.223 ms
	GcsClient.deadline_timer.check_gcs_connection - 386 total (1 active), CPU time: mean = 1.109 ms, total = 428.132 ms
	CoreWorkerService.grpc_server.GetCoreWorkerStats - 301 total (0 active), CPU time: mean = 31.172 ms, total = 9.383 s
	PeriodicalRunner.RunFnPeriodically - 6 total (0 active), CPU time: mean = 7.750 ms, total = 46.497 ms
	InternalPubSubGcsService.grpc_client.GcsSubscriberCommandBatch - 1 total (0 active), CPU time: mean = 158.532 us, total = 158.532 us
	NodeInfoGcsService.grpc_client.GetAllNodeInfo - 1 total (0 active), CPU time: mean = 32.045 us, total = 32.045 us
	InternalPubSubGcsService.grpc_client.GcsSubscriberPoll - 1 total (1 active), CPU time: mean = 0.000 s, total = 0.000 s
	WorkerInfoGcsService.grpc_client.AddWorkerInfo - 1 total (0 active), CPU time: mean = 13.615 us, total = 13.615 us


[2022-06-20 22:55:21,548 I 129188 129450] core_worker.cc:494: Event stats:


Global stats: 6388 total (7 active)
Queueing time: mean = 23.205 ms, max = 4.996 s, min = -0.100 s, total = 148.233 s
Execution time:  mean = 8.154 ms, total = 52.086 s
Event stats:
	UNKNOWN - 4704 total (4 active, 1 running), CPU time: mean = 8.276 ms, total = 38.933 s
	CoreWorker.deadline_timer.flush_profiling_events - 442 total (1 active), CPU time: mean = 4.212 ms, total = 1.862 s
	GcsClient.deadline_timer.check_gcs_connection - 442 total (1 active), CPU time: mean = 1.048 ms, total = 463.379 ms
	NodeManagerService.grpc_client.ReportWorkerBacklog - 441 total (0 active), CPU time: mean = 343.622 us, total = 151.537 ms
	CoreWorkerService.grpc_server.GetCoreWorkerStats - 347 total (0 active), CPU time: mean = 28.211 ms, total = 9.789 s
	PeriodicalRunner.RunFnPeriodically - 6 total (0 active), CPU time: mean = 7.750 ms, total = 46.497 ms
	InternalPubSubGcsService.grpc_client.GcsSubscriberPoll - 2 total (1 active), CPU time: mean = 30.940 ms, total = 61.879 ms
	InternalPubSubGcsService.grpc_client.GcsSubscriberCommandBatch - 1 total (0 active), CPU time: mean = 158.532 us, total = 158.532 us
	NodeInfoGcsService.grpc_client.GetAllNodeInfo - 1 total (0 active), CPU time: mean = 32.045 us, total = 32.045 us
	CoreWorkerService.grpc_server.LocalGC - 1 total (0 active), CPU time: mean = 778.994 ms, total = 778.994 ms
	WorkerInfoGcsService.grpc_client.AddWorkerInfo - 1 total (0 active), CPU time: mean = 13.615 us, total = 13.615 us


[2022-06-20 22:56:21,553 I 129188 129450] core_worker.cc:494: Event stats:


Global stats: 7147 total (7 active)
Queueing time: mean = 24.651 ms, max = 4.996 s, min = -0.100 s, total = 176.183 s
Execution time:  mean = 8.426 ms, total = 60.218 s
Event stats:
	UNKNOWN - 5263 total (4 active, 1 running), CPU time: mean = 8.550 ms, total = 44.998 s
	CoreWorker.deadline_timer.flush_profiling_events - 494 total (1 active), CPU time: mean = 4.319 ms, total = 2.134 s
	GcsClient.deadline_timer.check_gcs_connection - 494 total (1 active), CPU time: mean = 999.733 us, total = 493.868 ms
	NodeManagerService.grpc_client.ReportWorkerBacklog - 493 total (0 active), CPU time: mean = 535.788 us, total = 264.143 ms
	CoreWorkerService.grpc_server.GetCoreWorkerStats - 391 total (0 active), CPU time: mean = 29.261 ms, total = 11.441 s
	PeriodicalRunner.RunFnPeriodically - 6 total (0 active), CPU time: mean = 7.750 ms, total = 46.497 ms
	InternalPubSubGcsService.grpc_client.GcsSubscriberPoll - 2 total (1 active), CPU time: mean = 30.940 ms, total = 61.879 ms
	InternalPubSubGcsService.grpc_client.GcsSubscriberCommandBatch - 1 total (0 active), CPU time: mean = 158.532 us, total = 158.532 us
	NodeInfoGcsService.grpc_client.GetAllNodeInfo - 1 total (0 active), CPU time: mean = 32.045 us, total = 32.045 us
	CoreWorkerService.grpc_server.LocalGC - 1 total (0 active), CPU time: mean = 778.994 ms, total = 778.994 ms
	WorkerInfoGcsService.grpc_client.AddWorkerInfo - 1 total (0 active), CPU time: mean = 13.615 us, total = 13.615 us


[2022-06-20 22:57:21,558 I 129188 129450] core_worker.cc:494: Event stats:


Global stats: 7911 total (7 active)
Queueing time: mean = 25.437 ms, max = 4.996 s, min = -0.100 s, total = 201.233 s
Execution time:  mean = 8.699 ms, total = 68.815 s
Event stats:
	UNKNOWN - 5822 total (4 active, 1 running), CPU time: mean = 8.828 ms, total = 51.394 s
	CoreWorker.deadline_timer.flush_profiling_events - 546 total (1 active), CPU time: mean = 4.331 ms, total = 2.365 s
	GcsClient.deadline_timer.check_gcs_connection - 546 total (1 active), CPU time: mean = 1.015 ms, total = 554.153 ms
	NodeManagerService.grpc_client.ReportWorkerBacklog - 545 total (0 active), CPU time: mean = 641.927 us, total = 349.850 ms
	CoreWorkerService.grpc_server.GetCoreWorkerStats - 440 total (0 active), CPU time: mean = 30.147 ms, total = 13.265 s
	PeriodicalRunner.RunFnPeriodically - 6 total (0 active), CPU time: mean = 7.750 ms, total = 46.497 ms
	InternalPubSubGcsService.grpc_client.GcsSubscriberPoll - 2 total (1 active), CPU time: mean = 30.940 ms, total = 61.879 ms
	InternalPubSubGcsService.grpc_client.GcsSubscriberCommandBatch - 1 total (0 active), CPU time: mean = 158.532 us, total = 158.532 us
	NodeInfoGcsService.grpc_client.GetAllNodeInfo - 1 total (0 active), CPU time: mean = 32.045 us, total = 32.045 us
	CoreWorkerService.grpc_server.LocalGC - 1 total (0 active), CPU time: mean = 778.994 ms, total = 778.994 ms
	WorkerInfoGcsService.grpc_client.AddWorkerInfo - 1 total (0 active), CPU time: mean = 13.615 us, total = 13.615 us


[2022-06-20 22:58:21,568 I 129188 129450] core_worker.cc:494: Event stats:


Global stats: 8765 total (7 active)
Queueing time: mean = 23.840 ms, max = 4.996 s, min = -0.100 s, total = 208.958 s
Execution time:  mean = 8.171 ms, total = 71.615 s
Event stats:
	UNKNOWN - 6454 total (4 active, 1 running), CPU time: mean = 8.191 ms, total = 52.863 s
	CoreWorker.deadline_timer.flush_profiling_events - 605 total (1 active), CPU time: mean = 4.163 ms, total = 2.518 s
	GcsClient.deadline_timer.check_gcs_connection - 605 total (1 active), CPU time: mean = 990.795 us, total = 599.431 ms
	NodeManagerService.grpc_client.ReportWorkerBacklog - 604 total (0 active), CPU time: mean = 580.020 us, total = 350.332 ms
	CoreWorkerService.grpc_server.GetCoreWorkerStats - 485 total (0 active), CPU time: mean = 29.684 ms, total = 14.397 s
	PeriodicalRunner.RunFnPeriodically - 6 total (0 active), CPU time: mean = 7.750 ms, total = 46.497 ms
	InternalPubSubGcsService.grpc_client.GcsSubscriberPoll - 2 total (1 active), CPU time: mean = 30.940 ms, total = 61.879 ms
	InternalPubSubGcsService.grpc_client.GcsSubscriberCommandBatch - 1 total (0 active), CPU time: mean = 158.532 us, total = 158.532 us
	NodeInfoGcsService.grpc_client.GetAllNodeInfo - 1 total (0 active), CPU time: mean = 32.045 us, total = 32.045 us
	CoreWorkerService.grpc_server.LocalGC - 1 total (0 active), CPU time: mean = 778.994 ms, total = 778.994 ms
	WorkerInfoGcsService.grpc_client.AddWorkerInfo - 1 total (0 active), CPU time: mean = 13.615 us, total = 13.615 us


[2022-06-20 22:59:21,573 I 129188 129450] core_worker.cc:494: Event stats:


Global stats: 9632 total (7 active)
Queueing time: mean = 21.986 ms, max = 4.996 s, min = -0.100 s, total = 211.770 s
Execution time:  mean = 7.595 ms, total = 73.157 s
Event stats:
	UNKNOWN - 7098 total (4 active, 1 running), CPU time: mean = 7.589 ms, total = 53.865 s
	CoreWorker.deadline_timer.flush_profiling_events - 664 total (1 active), CPU time: mean = 3.952 ms, total = 2.624 s
	GcsClient.deadline_timer.check_gcs_connection - 664 total (1 active), CPU time: mean = 940.723 us, total = 624.640 ms
	NodeManagerService.grpc_client.ReportWorkerBacklog - 663 total (0 active), CPU time: mean = 559.400 us, total = 370.882 ms
	CoreWorkerService.grpc_server.GetCoreWorkerStats - 531 total (0 active), CPU time: mean = 27.843 ms, total = 14.785 s
	PeriodicalRunner.RunFnPeriodically - 6 total (0 active), CPU time: mean = 7.750 ms, total = 46.497 ms
	InternalPubSubGcsService.grpc_client.GcsSubscriberPoll - 2 total (1 active), CPU time: mean = 30.940 ms, total = 61.879 ms
	InternalPubSubGcsService.grpc_client.GcsSubscriberCommandBatch - 1 total (0 active), CPU time: mean = 158.532 us, total = 158.532 us
	NodeInfoGcsService.grpc_client.GetAllNodeInfo - 1 total (0 active), CPU time: mean = 32.045 us, total = 32.045 us
	CoreWorkerService.grpc_server.LocalGC - 1 total (0 active), CPU time: mean = 778.994 ms, total = 778.994 ms
	WorkerInfoGcsService.grpc_client.AddWorkerInfo - 1 total (0 active), CPU time: mean = 13.615 us, total = 13.615 us


