[2022-06-20 22:50:38,082 I 130461 130461] core_worker_process.cc:120: Constructing CoreWorkerProcess. pid: 130461
[2022-06-20 22:50:38,333 I 130461 130461] grpc_server.cc:105: worker server started, listening on port 10004.
[2022-06-20 22:50:38,335 I 130461 130461] core_worker.cc:175: Initializing worker at address: 10.140.1.109:10004, worker ID 1a1878fa7e1efb03d0033dc481b041a2b05d4ba1af568a9ca4d15ec5, raylet 7562cb0081c73f4ed2ac21d1956887bd794b724f1b8c157f4e02d603
[2022-06-20 22:50:38,335 I 130461 130791] gcs_server_address_updater.cc:32: GCS Server updater thread id: 140371241711360
[2022-06-20 22:50:38,591 I 130461 130461] io_service_pool.cc:35: IOServicePool is running with 1 io_service.
[2022-06-20 22:50:38,607 I 130461 130808] core_worker.cc:494: Event stats:


Global stats: 17 total (10 active)
Queueing time: mean = 45.420 ms, max = 154.974 ms, min = 376.394 us, total = 772.143 ms
Execution time:  mean = 21.305 us, total = 362.178 us
Event stats:
	PeriodicalRunner.RunFnPeriodically - 7 total (2 active, 1 running), CPU time: mean = 21.063 us, total = 147.442 us
	UNKNOWN - 3 total (3 active), CPU time: mean = 0.000 s, total = 0.000 s
	InternalPubSubGcsService.grpc_client.GcsSubscriberCommandBatch - 1 total (0 active), CPU time: mean = 201.040 us, total = 201.040 us
	WorkerInfoGcsService.grpc_client.AddWorkerInfo - 1 total (0 active), CPU time: mean = 13.696 us, total = 13.696 us
	CoreWorker.deadline_timer.flush_profiling_events - 1 total (1 active), CPU time: mean = 0.000 s, total = 0.000 s
	NodeInfoGcsService.grpc_client.GetAllNodeInfo - 1 total (1 active), CPU time: mean = 0.000 s, total = 0.000 s
	NodeManagerService.grpc_client.ReportWorkerBacklog - 1 total (1 active), CPU time: mean = 0.000 s, total = 0.000 s
	GcsClient.deadline_timer.check_gcs_connection - 1 total (1 active), CPU time: mean = 0.000 s, total = 0.000 s
	InternalPubSubGcsService.grpc_client.GcsSubscriberPoll - 1 total (1 active), CPU time: mean = 0.000 s, total = 0.000 s


[2022-06-20 22:50:38,607 I 130461 130808] accessor.cc:599: Received notification for node id = 7562cb0081c73f4ed2ac21d1956887bd794b724f1b8c157f4e02d603, IsAlive = 1
[2022-06-20 22:50:39,059 I 130461 130461] direct_actor_task_submitter.cc:33: Set max pending calls to -1 for actor a5cf632142aac340a6af3f6302000000
[2022-06-20 22:50:39,059 I 130461 130461] direct_actor_task_submitter.cc:217: Connecting to actor a5cf632142aac340a6af3f6302000000 at worker 1a1878fa7e1efb03d0033dc481b041a2b05d4ba1af568a9ca4d15ec5
[2022-06-20 22:50:39,059 I 130461 130461] core_worker.cc:2317: Creating actor: a5cf632142aac340a6af3f6302000000
[2022-06-20 22:51:38,878 I 130461 130808] core_worker.cc:494: Event stats:


Global stats: 788 total (9 active)
Queueing time: mean = 50.199 ms, max = 3.234 s, min = -0.000 s, total = 39.557 s
Execution time:  mean = 14.855 ms, total = 11.706 s
Event stats:
	UNKNOWN - 578 total (5 active, 1 running), CPU time: mean = 14.507 ms, total = 8.385 s
	CoreWorker.deadline_timer.flush_profiling_events - 52 total (1 active), CPU time: mean = 13.956 ms, total = 725.707 ms
	GcsClient.deadline_timer.check_gcs_connection - 52 total (1 active), CPU time: mean = 2.277 ms, total = 118.390 ms
	NodeManagerService.grpc_client.ReportWorkerBacklog - 51 total (1 active), CPU time: mean = 6.656 us, total = 339.463 us
	CoreWorkerService.grpc_server.GetCoreWorkerStats - 43 total (0 active), CPU time: mean = 57.208 ms, total = 2.460 s
	PeriodicalRunner.RunFnPeriodically - 7 total (0 active), CPU time: mean = 2.277 ms, total = 15.940 ms
	InternalPubSubGcsService.grpc_client.GcsSubscriberCommandBatch - 1 total (0 active), CPU time: mean = 201.040 us, total = 201.040 us
	WorkerInfoGcsService.grpc_client.AddWorkerInfo - 1 total (0 active), CPU time: mean = 13.696 us, total = 13.696 us
	NodeInfoGcsService.grpc_client.GetAllNodeInfo - 1 total (0 active), CPU time: mean = 43.669 us, total = 43.669 us
	CoreWorkerService.grpc_server.PushTask - 1 total (0 active), CPU time: mean = 85.285 us, total = 85.285 us
	InternalPubSubGcsService.grpc_client.GcsSubscriberPoll - 1 total (1 active), CPU time: mean = 0.000 s, total = 0.000 s


[2022-06-20 22:51:40,269 I 130461 130461] direct_actor_transport.cc:144: Actor creation task finished, task_id: ffffffffffffffffa5cf632142aac340a6af3f6302000000, actor_id: a5cf632142aac340a6af3f6302000000
[2022-06-20 22:52:31,084 I 130461 130808] core_worker.cc:3086: Force kill actor request has received. exiting immediately...
[2022-06-20 22:52:31,120 I 130461 130808] core_worker.cc:591: Disconnecting to the raylet.
[2022-06-20 22:52:31,165 I 130461 130808] raylet_client.cc:162: RayletClient::Disconnect, exit_type=INTENDED_EXIT, has creation_task_exception_pb_bytes=0
