[2022-06-20 22:53:24,215 I 837 837] core_worker_process.cc:120: Constructing CoreWorkerProcess. pid: 837
[2022-06-20 22:53:24,472 I 837 837] grpc_server.cc:105: worker server started, listening on port 10011.
[2022-06-20 22:53:24,475 I 837 837] core_worker.cc:175: Initializing worker at address: 10.140.1.109:10011, worker ID bd479c5dbee783771f3313c829c8e4a4bfae15c0782523ed47d6c995, raylet 7562cb0081c73f4ed2ac21d1956887bd794b724f1b8c157f4e02d603
[2022-06-20 22:53:24,475 I 837 1057] gcs_server_address_updater.cc:32: GCS Server updater thread id: 140671495161600
[2022-06-20 22:53:24,667 I 837 837] io_service_pool.cc:35: IOServicePool is running with 1 io_service.
[2022-06-20 22:53:24,684 I 837 1077] core_worker.cc:494: Event stats:


Global stats: 17 total (11 active)
Queueing time: mean = 21.295 ms, max = 91.372 ms, min = 332.013 us, total = 362.010 ms
Execution time:  mean = 19.524 us, total = 331.900 us
Event stats:
	PeriodicalRunner.RunFnPeriodically - 7 total (2 active, 1 running), CPU time: mean = 17.365 us, total = 121.552 us
	UNKNOWN - 3 total (3 active), CPU time: mean = 0.000 s, total = 0.000 s
	GcsClient.deadline_timer.check_gcs_connection - 1 total (1 active), CPU time: mean = 0.000 s, total = 0.000 s
	CoreWorker.deadline_timer.flush_profiling_events - 1 total (1 active), CPU time: mean = 0.000 s, total = 0.000 s
	WorkerInfoGcsService.grpc_client.AddWorkerInfo - 1 total (1 active), CPU time: mean = 0.000 s, total = 0.000 s
	NodeInfoGcsService.grpc_client.GetAllNodeInfo - 1 total (1 active), CPU time: mean = 0.000 s, total = 0.000 s
	InternalPubSubGcsService.grpc_client.GcsSubscriberPoll - 1 total (1 active), CPU time: mean = 0.000 s, total = 0.000 s
	InternalPubSubGcsService.grpc_client.GcsSubscriberCommandBatch - 1 total (0 active), CPU time: mean = 210.348 us, total = 210.348 us
	NodeManagerService.grpc_client.ReportWorkerBacklog - 1 total (1 active), CPU time: mean = 0.000 s, total = 0.000 s


[2022-06-20 22:53:24,703 I 837 1077] accessor.cc:599: Received notification for node id = 7562cb0081c73f4ed2ac21d1956887bd794b724f1b8c157f4e02d603, IsAlive = 1
[2022-06-20 22:53:25,670 I 837 837] direct_actor_task_submitter.cc:33: Set max pending calls to -1 for actor 572ad07de24e8e0525ca1f6502000000
[2022-06-20 22:53:25,671 I 837 837] direct_actor_task_submitter.cc:217: Connecting to actor 572ad07de24e8e0525ca1f6502000000 at worker bd479c5dbee783771f3313c829c8e4a4bfae15c0782523ed47d6c995
[2022-06-20 22:53:25,671 I 837 837] core_worker.cc:2317: Creating actor: 572ad07de24e8e0525ca1f6502000000
[2022-06-20 22:54:24,903 I 837 1077] core_worker.cc:494: Event stats:


Global stats: 933 total (8 active)
Queueing time: mean = 7.037 ms, max = 1.023 s, min = -0.050 s, total = 6.566 s
Execution time:  mean = 2.139 ms, total = 1.996 s
Event stats:
	UNKNOWN - 699 total (5 active, 1 running), CPU time: mean = 1.781 ms, total = 1.245 s
	GcsClient.deadline_timer.check_gcs_connection - 59 total (1 active), CPU time: mean = 2.811 ms, total = 165.850 ms
	CoreWorker.deadline_timer.flush_profiling_events - 59 total (1 active), CPU time: mean = 2.735 ms, total = 161.355 ms
	NodeManagerService.grpc_client.ReportWorkerBacklog - 59 total (0 active), CPU time: mean = 6.753 us, total = 398.429 us
	CoreWorkerService.grpc_server.GetCoreWorkerStats - 45 total (0 active), CPU time: mean = 9.047 ms, total = 407.113 ms
	PeriodicalRunner.RunFnPeriodically - 7 total (0 active), CPU time: mean = 2.340 ms, total = 16.377 ms
	CoreWorkerService.grpc_server.PushTask - 1 total (0 active), CPU time: mean = 63.076 us, total = 63.076 us
	WorkerInfoGcsService.grpc_client.AddWorkerInfo - 1 total (0 active), CPU time: mean = 15.324 us, total = 15.324 us
	NodeInfoGcsService.grpc_client.GetAllNodeInfo - 1 total (0 active), CPU time: mean = 46.877 us, total = 46.877 us
	InternalPubSubGcsService.grpc_client.GcsSubscriberPoll - 1 total (1 active), CPU time: mean = 0.000 s, total = 0.000 s
	InternalPubSubGcsService.grpc_client.GcsSubscriberCommandBatch - 1 total (0 active), CPU time: mean = 210.348 us, total = 210.348 us


[2022-06-20 22:55:11,813 I 837 837] direct_actor_transport.cc:144: Actor creation task finished, task_id: ffffffffffffffff572ad07de24e8e0525ca1f6502000000, actor_id: 572ad07de24e8e0525ca1f6502000000
[2022-06-20 22:55:27,382 I 837 1077] core_worker.cc:494: Event stats:


Global stats: 1798 total (8 active)
Queueing time: mean = 17.816 ms, max = 3.651 s, min = -0.050 s, total = 32.033 s
Execution time:  mean = 5.131 ms, total = 9.225 s
Event stats:
	UNKNOWN - 1345 total (5 active, 1 running), CPU time: mean = 4.814 ms, total = 6.475 s
	GcsClient.deadline_timer.check_gcs_connection - 115 total (1 active), CPU time: mean = 1.967 ms, total = 226.244 ms
	CoreWorker.deadline_timer.flush_profiling_events - 115 total (1 active), CPU time: mean = 6.629 ms, total = 762.359 ms
	NodeManagerService.grpc_client.ReportWorkerBacklog - 114 total (0 active), CPU time: mean = 6.186 us, total = 705.218 us
	CoreWorkerService.grpc_server.GetCoreWorkerStats - 91 total (0 active), CPU time: mean = 8.924 ms, total = 812.076 ms
	PeriodicalRunner.RunFnPeriodically - 7 total (0 active), CPU time: mean = 2.340 ms, total = 16.377 ms
	StatsGcsService.grpc_client.AddProfileData - 3 total (0 active), CPU time: mean = 1.543 ms, total = 4.629 ms
	CoreWorkerService.grpc_server.PushTask - 2 total (0 active), CPU time: mean = 7.565 ms, total = 15.130 ms
	WorkerInfoGcsService.grpc_client.AddWorkerInfo - 1 total (0 active), CPU time: mean = 15.324 us, total = 15.324 us
	NodeInfoGcsService.grpc_client.GetAllNodeInfo - 1 total (0 active), CPU time: mean = 46.877 us, total = 46.877 us
	CoreWorkerService.grpc_server.DirectActorCallArgWaitComplete - 1 total (0 active), CPU time: mean = 20.180 ms, total = 20.180 ms
	InternalPubSubGcsService.grpc_client.GcsSubscriberPoll - 1 total (1 active), CPU time: mean = 0.000 s, total = 0.000 s
	CoreWorkerService.grpc_server.LocalGC - 1 total (0 active), CPU time: mean = 892.740 ms, total = 892.740 ms
	InternalPubSubGcsService.grpc_client.GcsSubscriberCommandBatch - 1 total (0 active), CPU time: mean = 210.348 us, total = 210.348 us


[2022-06-20 22:56:06,512 W 837 1077] profiling.cc:75: The GCS is backlogged processing profiling data. Some events may be dropped.
[2022-06-20 22:56:13,396 I 837 1077] core_worker.cc:3086: Force kill actor request has received. exiting immediately...
[2022-06-20 22:56:13,396 I 837 1077] core_worker.cc:591: Disconnecting to the raylet.
[2022-06-20 22:56:13,467 I 837 1077] raylet_client.cc:162: RayletClient::Disconnect, exit_type=INTENDED_EXIT, has creation_task_exception_pb_bytes=0
